2022-08-29 16:27:51.930  INFO 19240 --- [main] br.letscode.EcommerceApplication         : Starting EcommerceApplication using Java 11.0.2 on BBTMF-1FK90L3 with PID 19240 (C:\Users\F1692469\LC\LC_Spring\ecommerce-store\target\classes started by F1692469 in C:\Users\F1692469\LC\LC_Spring\ecommerce-store)
2022-08-29 16:27:51.934  INFO 19240 --- [main] br.letscode.EcommerceApplication         : No active profile set, falling back to 1 default profile: "default"
2022-08-29 16:27:53.261  INFO 19240 --- [main] o.s.b.w.embedded.tomcat.TomcatWebServer  : Tomcat initialized with port(s): 8080 (http)
2022-08-29 16:27:53.270  INFO 19240 --- [main] o.apache.catalina.core.StandardService   : Starting service [Tomcat]
2022-08-29 16:27:53.272  INFO 19240 --- [main] org.apache.catalina.core.StandardEngine  : Starting Servlet engine: [Apache Tomcat/9.0.65]
2022-08-29 16:27:53.431  INFO 19240 --- [main] o.a.c.c.C.[Tomcat].[localhost].[/]       : Initializing Spring embedded WebApplicationContext
2022-08-29 16:27:53.432  INFO 19240 --- [main] w.s.c.ServletWebServerApplicationContext : Root WebApplicationContext: initialization completed in 1456 ms
2022-08-29 16:27:54.164  INFO 19240 --- [main] o.s.b.w.embedded.tomcat.TomcatWebServer  : Tomcat started on port(s): 8080 (http) with context path ''
2022-08-29 16:27:54.199  INFO 19240 --- [main] br.letscode.EcommerceApplication         : Started EcommerceApplication in 2.621 seconds (JVM running for 3.073)
2022-08-29 16:27:54.476  INFO 19240 --- [http-nio-8080-exec-1] o.a.c.c.C.[Tomcat].[localhost].[/]       : Initializing Spring DispatcherServlet 'dispatcherServlet'
2022-08-29 16:27:54.478  INFO 19240 --- [http-nio-8080-exec-1] o.s.web.servlet.DispatcherServlet        : Initializing Servlet 'dispatcherServlet'
2022-08-29 16:27:54.479  INFO 19240 --- [http-nio-8080-exec-1] o.s.web.servlet.DispatcherServlet        : Completed initialization in 1 ms
2022-08-29 16:27:54.535  INFO 19240 --- [http-nio-8080-exec-1] br.letscode.services.TimeServiceImpl     : Hora atual: 16:27:54
2022-08-29 16:27:56.973  INFO 19240 --- [http-nio-8080-exec-3] br.letscode.services.TimeServiceImpl     : Hora atual: 16:27:56
2022-08-29 16:27:57.758  INFO 19240 --- [http-nio-8080-exec-4] br.letscode.services.TimeServiceImpl     : Hora atual: 16:27:57
2022-08-29 16:27:58.347  INFO 19240 --- [http-nio-8080-exec-5] br.letscode.services.TimeServiceImpl     : Hora atual: 16:27:58
2022-08-29 16:27:58.677  INFO 19240 --- [http-nio-8080-exec-6] br.letscode.services.TimeServiceImpl     : Hora atual: 16:27:58
2022-08-29 16:27:59.044  INFO 19240 --- [http-nio-8080-exec-7] br.letscode.services.TimeServiceImpl     : Hora atual: 16:27:59
2022-08-29 16:28:18.631  INFO 19240 --- [http-nio-8080-exec-8] br.letscode.services.TimeServiceImpl     : Hora atual: 16:28:18
2022-08-29 16:50:54.219  INFO 19240 --- [http-nio-8080-exec-2] br.letscode.services.TimeServiceImpl     : Hora atual: 16:50:54
2022-08-29 16:53:30.140  INFO 4092 --- [main] br.letscode.EcommerceApplication         : Starting EcommerceApplication using Java 11.0.2 on BBTMF-1FK90L3 with PID 4092 (C:\Users\F1692469\LC\LC_Spring\ecommerce-store\target\classes started by F1692469 in C:\Users\F1692469\LC\LC_Spring\ecommerce-store)
2022-08-29 16:53:30.144  INFO 4092 --- [main] br.letscode.EcommerceApplication         : No active profile set, falling back to 1 default profile: "default"
2022-08-29 16:53:30.769  INFO 4092 --- [main] .s.d.r.c.RepositoryConfigurationDelegate : Bootstrapping Spring Data JPA repositories in DEFAULT mode.
2022-08-29 16:53:30.786  INFO 4092 --- [main] .s.d.r.c.RepositoryConfigurationDelegate : Finished Spring Data repository scanning in 6 ms. Found 0 JPA repository interfaces.
2022-08-29 16:53:31.727  INFO 4092 --- [main] o.s.b.w.embedded.tomcat.TomcatWebServer  : Tomcat initialized with port(s): 8080 (http)
2022-08-29 16:53:31.740  INFO 4092 --- [main] o.apache.catalina.core.StandardService   : Starting service [Tomcat]
2022-08-29 16:53:31.741  INFO 4092 --- [main] org.apache.catalina.core.StandardEngine  : Starting Servlet engine: [Apache Tomcat/9.0.65]
2022-08-29 16:53:31.962  INFO 4092 --- [main] o.a.c.c.C.[Tomcat].[localhost].[/]       : Initializing Spring embedded WebApplicationContext
2022-08-29 16:53:31.963  INFO 4092 --- [main] w.s.c.ServletWebServerApplicationContext : Root WebApplicationContext: initialization completed in 1778 ms
2022-08-29 16:53:32.131  INFO 4092 --- [main] com.zaxxer.hikari.HikariDataSource       : HikariPool-1 - Starting...
2022-08-29 16:53:32.272  INFO 4092 --- [main] com.zaxxer.hikari.HikariDataSource       : HikariPool-1 - Start completed.
2022-08-29 16:53:32.338  INFO 4092 --- [main] o.hibernate.jpa.internal.util.LogHelper  : HHH000204: Processing PersistenceUnitInfo [name: default]
2022-08-29 16:53:32.394  INFO 4092 --- [main] org.hibernate.Version                    : HHH000412: Hibernate ORM core version 5.6.10.Final
2022-08-29 16:53:32.537  INFO 4092 --- [main] o.hibernate.annotations.common.Version   : HCANN000001: Hibernate Commons Annotations {5.1.2.Final}
2022-08-29 16:53:32.649  INFO 4092 --- [main] org.hibernate.dialect.Dialect            : HHH000400: Using dialect: org.hibernate.dialect.H2Dialect
2022-08-29 16:53:32.795  INFO 4092 --- [main] o.h.e.t.j.p.i.JtaPlatformInitiator       : HHH000490: Using JtaPlatform implementation: [org.hibernate.engine.transaction.jta.platform.internal.NoJtaPlatform]
2022-08-29 16:53:32.805  INFO 4092 --- [main] j.LocalContainerEntityManagerFactoryBean : Initialized JPA EntityManagerFactory for persistence unit 'default'
2022-08-29 16:53:32.916  WARN 4092 --- [main] JpaBaseConfiguration$JpaWebConfiguration : spring.jpa.open-in-view is enabled by default. Therefore, database queries may be performed during view rendering. Explicitly configure spring.jpa.open-in-view to disable this warning
2022-08-29 16:53:33.753  INFO 4092 --- [main] o.s.b.w.embedded.tomcat.TomcatWebServer  : Tomcat started on port(s): 8080 (http) with context path ''
2022-08-29 16:53:33.768  INFO 4092 --- [main] br.letscode.EcommerceApplication         : Started EcommerceApplication in 4.086 seconds (JVM running for 4.577)
2022-08-29 16:55:45.879  INFO 4092 --- [http-nio-8080-exec-1] o.a.c.c.C.[Tomcat].[localhost].[/]       : Initializing Spring DispatcherServlet 'dispatcherServlet'
2022-08-29 16:55:45.883  INFO 4092 --- [http-nio-8080-exec-1] o.s.web.servlet.DispatcherServlet        : Initializing Servlet 'dispatcherServlet'
2022-08-29 16:55:45.886  INFO 4092 --- [http-nio-8080-exec-1] o.s.web.servlet.DispatcherServlet        : Completed initialization in 2 ms
2022-08-29 16:59:25.748  INFO 4092 --- [http-nio-8080-exec-3] o.springdoc.api.AbstractOpenApiResource  : Init duration for springdoc-openapi is: 243 ms
2022-08-29 17:00:02.538  INFO 4092 --- [SpringApplicationShutdownHook] j.LocalContainerEntityManagerFactoryBean : Closing JPA EntityManagerFactory for persistence unit 'default'
2022-08-29 17:00:02.540  INFO 4092 --- [SpringApplicationShutdownHook] .SchemaDropperImpl$DelayedDropActionImpl : HHH000477: Starting delayed evictData of schema as part of SessionFactory shut-down'
2022-08-29 17:00:02.544  INFO 4092 --- [SpringApplicationShutdownHook] com.zaxxer.hikari.HikariDataSource       : HikariPool-1 - Shutdown initiated...
2022-08-29 17:00:02.551  INFO 4092 --- [SpringApplicationShutdownHook] com.zaxxer.hikari.HikariDataSource       : HikariPool-1 - Shutdown completed.
2022-08-29 17:00:12.765  INFO 19204 --- [main] br.letscode.EcommerceApplication         : Starting EcommerceApplication using Java 11.0.2 on BBTMF-1FK90L3 with PID 19204 (C:\Users\F1692469\LC\LC_Spring\ecommerce-store\target\classes started by F1692469 in C:\Users\F1692469\LC\LC_Spring\ecommerce-store)
2022-08-29 17:00:12.785  INFO 19204 --- [main] br.letscode.EcommerceApplication         : No active profile set, falling back to 1 default profile: "default"
2022-08-29 17:00:14.493  INFO 19204 --- [main] .s.d.r.c.RepositoryConfigurationDelegate : Bootstrapping Spring Data JPA repositories in DEFAULT mode.
2022-08-29 17:00:14.527  INFO 19204 --- [main] .s.d.r.c.RepositoryConfigurationDelegate : Finished Spring Data repository scanning in 14 ms. Found 0 JPA repository interfaces.
2022-08-29 17:00:16.491  INFO 19204 --- [main] o.s.b.w.embedded.tomcat.TomcatWebServer  : Tomcat initialized with port(s): 8080 (http)
2022-08-29 17:00:16.513  INFO 19204 --- [main] o.apache.catalina.core.StandardService   : Starting service [Tomcat]
2022-08-29 17:00:16.516  INFO 19204 --- [main] org.apache.catalina.core.StandardEngine  : Starting Servlet engine: [Apache Tomcat/9.0.65]
2022-08-29 17:00:16.774  INFO 19204 --- [main] o.a.c.c.C.[Tomcat].[localhost].[/]       : Initializing Spring embedded WebApplicationContext
2022-08-29 17:00:16.777  INFO 19204 --- [main] w.s.c.ServletWebServerApplicationContext : Root WebApplicationContext: initialization completed in 3848 ms
2022-08-29 17:00:16.938  INFO 19204 --- [main] com.zaxxer.hikari.HikariDataSource       : HikariPool-1 - Starting...
2022-08-29 17:00:17.092  INFO 19204 --- [main] com.zaxxer.hikari.HikariDataSource       : HikariPool-1 - Start completed.
2022-08-29 17:00:17.145  INFO 19204 --- [main] o.hibernate.jpa.internal.util.LogHelper  : HHH000204: Processing PersistenceUnitInfo [name: default]
2022-08-29 17:00:17.191  INFO 19204 --- [main] org.hibernate.Version                    : HHH000412: Hibernate ORM core version 5.6.10.Final
2022-08-29 17:00:17.346  INFO 19204 --- [main] o.hibernate.annotations.common.Version   : HCANN000001: Hibernate Commons Annotations {5.1.2.Final}
2022-08-29 17:00:17.468  INFO 19204 --- [main] org.hibernate.dialect.Dialect            : HHH000400: Using dialect: org.hibernate.dialect.H2Dialect
2022-08-29 17:00:17.681  INFO 19204 --- [main] o.h.e.t.j.p.i.JtaPlatformInitiator       : HHH000490: Using JtaPlatform implementation: [org.hibernate.engine.transaction.jta.platform.internal.NoJtaPlatform]
2022-08-29 17:00:17.694  INFO 19204 --- [main] j.LocalContainerEntityManagerFactoryBean : Initialized JPA EntityManagerFactory for persistence unit 'default'
2022-08-29 17:00:17.885  WARN 19204 --- [main] JpaBaseConfiguration$JpaWebConfiguration : spring.jpa.open-in-view is enabled by default. Therefore, database queries may be performed during view rendering. Explicitly configure spring.jpa.open-in-view to disable this warning
2022-08-29 17:00:18.902  INFO 19204 --- [main] o.s.b.w.embedded.tomcat.TomcatWebServer  : Tomcat started on port(s): 8080 (http) with context path ''
2022-08-29 17:00:18.916  INFO 19204 --- [main] br.letscode.EcommerceApplication         : Started EcommerceApplication in 6.924 seconds (JVM running for 7.569)
2022-08-29 17:00:18.986  INFO 19204 --- [http-nio-8080-exec-1] o.a.c.c.C.[Tomcat].[localhost].[/]       : Initializing Spring DispatcherServlet 'dispatcherServlet'
2022-08-29 17:00:18.987  INFO 19204 --- [http-nio-8080-exec-1] o.s.web.servlet.DispatcherServlet        : Initializing Servlet 'dispatcherServlet'
2022-08-29 17:00:18.989  INFO 19204 --- [http-nio-8080-exec-1] o.s.web.servlet.DispatcherServlet        : Completed initialization in 1 ms
2022-08-29 17:00:19.392  INFO 19204 --- [http-nio-8080-exec-1] o.springdoc.api.AbstractOpenApiResource  : Init duration for springdoc-openapi is: 271 ms
2022-08-29 17:01:29.464  INFO 19204 --- [SpringApplicationShutdownHook] j.LocalContainerEntityManagerFactoryBean : Closing JPA EntityManagerFactory for persistence unit 'default'
2022-08-29 17:01:29.466  INFO 19204 --- [SpringApplicationShutdownHook] .SchemaDropperImpl$DelayedDropActionImpl : HHH000477: Starting delayed evictData of schema as part of SessionFactory shut-down'
2022-08-29 17:01:29.471  INFO 19204 --- [SpringApplicationShutdownHook] com.zaxxer.hikari.HikariDataSource       : HikariPool-1 - Shutdown initiated...
2022-08-29 17:01:29.479  INFO 19204 --- [SpringApplicationShutdownHook] com.zaxxer.hikari.HikariDataSource       : HikariPool-1 - Shutdown completed.
2022-08-29 17:02:17.035  INFO 17636 --- [main] br.letscode.EcommerceApplication         : Starting EcommerceApplication using Java 11.0.2 on BBTMF-1FK90L3 with PID 17636 (C:\Users\F1692469\LC\LC_Spring\ecommerce-store\target\classes started by F1692469 in C:\Users\F1692469\LC\LC_Spring\ecommerce-store)
2022-08-29 17:02:17.042  INFO 17636 --- [main] br.letscode.EcommerceApplication         : No active profile set, falling back to 1 default profile: "default"
2022-08-29 17:02:18.912  INFO 17636 --- [main] .s.d.r.c.RepositoryConfigurationDelegate : Bootstrapping Spring Data JPA repositories in DEFAULT mode.
2022-08-29 17:02:18.994  INFO 17636 --- [main] .s.d.r.c.RepositoryConfigurationDelegate : Finished Spring Data repository scanning in 34 ms. Found 0 JPA repository interfaces.
2022-08-29 17:02:22.261  INFO 17636 --- [main] o.s.b.w.embedded.tomcat.TomcatWebServer  : Tomcat initialized with port(s): 8080 (http)
2022-08-29 17:02:22.294  INFO 17636 --- [main] o.apache.catalina.core.StandardService   : Starting service [Tomcat]
2022-08-29 17:02:22.298  INFO 17636 --- [main] org.apache.catalina.core.StandardEngine  : Starting Servlet engine: [Apache Tomcat/9.0.65]
2022-08-29 17:02:22.690  INFO 17636 --- [main] o.a.c.c.C.[Tomcat].[localhost].[/]       : Initializing Spring embedded WebApplicationContext
2022-08-29 17:02:22.691  INFO 17636 --- [main] w.s.c.ServletWebServerApplicationContext : Root WebApplicationContext: initialization completed in 5535 ms
2022-08-29 17:02:22.894  INFO 17636 --- [main] com.zaxxer.hikari.HikariDataSource       : HikariPool-1 - Starting...
2022-08-29 17:02:23.101  INFO 17636 --- [main] com.zaxxer.hikari.HikariDataSource       : HikariPool-1 - Start completed.
2022-08-29 17:02:23.175  INFO 17636 --- [main] o.hibernate.jpa.internal.util.LogHelper  : HHH000204: Processing PersistenceUnitInfo [name: default]
2022-08-29 17:02:23.249  INFO 17636 --- [main] org.hibernate.Version                    : HHH000412: Hibernate ORM core version 5.6.10.Final
2022-08-29 17:02:23.466  INFO 17636 --- [main] o.hibernate.annotations.common.Version   : HCANN000001: Hibernate Commons Annotations {5.1.2.Final}
2022-08-29 17:02:23.629  INFO 17636 --- [main] org.hibernate.dialect.Dialect            : HHH000400: Using dialect: org.hibernate.dialect.H2Dialect
2022-08-29 17:02:23.832  INFO 17636 --- [main] o.h.e.t.j.p.i.JtaPlatformInitiator       : HHH000490: Using JtaPlatform implementation: [org.hibernate.engine.transaction.jta.platform.internal.NoJtaPlatform]
2022-08-29 17:02:23.850  INFO 17636 --- [main] j.LocalContainerEntityManagerFactoryBean : Initialized JPA EntityManagerFactory for persistence unit 'default'
2022-08-29 17:02:24.020  WARN 17636 --- [main] JpaBaseConfiguration$JpaWebConfiguration : spring.jpa.open-in-view is enabled by default. Therefore, database queries may be performed during view rendering. Explicitly configure spring.jpa.open-in-view to disable this warning
2022-08-29 17:02:25.296  INFO 17636 --- [main] o.s.b.w.embedded.tomcat.TomcatWebServer  : Tomcat started on port(s): 8080 (http) with context path ''
2022-08-29 17:02:25.310  INFO 17636 --- [main] br.letscode.EcommerceApplication         : Started EcommerceApplication in 9.467 seconds (JVM running for 10.305)
2022-08-29 17:02:48.590  INFO 17636 --- [http-nio-8080-exec-1] o.a.c.c.C.[Tomcat].[localhost].[/]       : Initializing Spring DispatcherServlet 'dispatcherServlet'
2022-08-29 17:02:48.593  INFO 17636 --- [http-nio-8080-exec-1] o.s.web.servlet.DispatcherServlet        : Initializing Servlet 'dispatcherServlet'
2022-08-29 17:02:48.598  INFO 17636 --- [http-nio-8080-exec-1] o.s.web.servlet.DispatcherServlet        : Completed initialization in 2 ms
2022-08-29 17:02:49.151  INFO 17636 --- [http-nio-8080-exec-1] o.springdoc.api.AbstractOpenApiResource  : Init duration for springdoc-openapi is: 328 ms
2022-08-29 17:03:06.979  INFO 17636 --- [http-nio-8080-exec-2] br.letscode.services.TimeServiceImpl     : Hora atual: 17:03:06
2022-08-29 17:23:39.374  INFO 17636 --- [http-nio-8080-exec-7] br.letscode.services.TimeServiceImpl     : Hora atual: 17:23:39
2022-08-29 17:36:30.079  INFO 17636 --- [SpringApplicationShutdownHook] j.LocalContainerEntityManagerFactoryBean : Closing JPA EntityManagerFactory for persistence unit 'default'
2022-08-29 17:36:30.083  INFO 17636 --- [SpringApplicationShutdownHook] .SchemaDropperImpl$DelayedDropActionImpl : HHH000477: Starting delayed evictData of schema as part of SessionFactory shut-down'
2022-08-29 17:36:30.090  INFO 17636 --- [SpringApplicationShutdownHook] com.zaxxer.hikari.HikariDataSource       : HikariPool-1 - Shutdown initiated...
2022-08-29 17:36:30.096  INFO 17636 --- [SpringApplicationShutdownHook] com.zaxxer.hikari.HikariDataSource       : HikariPool-1 - Shutdown completed.
2022-08-29 17:37:15.092  INFO 23960 --- [main] br.letscode.EcommerceApplication         : Starting EcommerceApplication using Java 11.0.2 on BBTMF-1FK90L3 with PID 23960 (C:\Users\F1692469\LC\LC_Spring\ecommerce-store\target\classes started by F1692469 in C:\Users\F1692469\LC\LC_Spring\ecommerce-store)
2022-08-29 17:37:15.098  INFO 23960 --- [main] br.letscode.EcommerceApplication         : No active profile set, falling back to 1 default profile: "default"
2022-08-29 17:37:16.923  INFO 23960 --- [main] .s.d.r.c.RepositoryConfigurationDelegate : Bootstrapping Spring Data JPA repositories in DEFAULT mode.
2022-08-29 17:37:16.981  INFO 23960 --- [main] .s.d.r.c.RepositoryConfigurationDelegate : Finished Spring Data repository scanning in 28 ms. Found 0 JPA repository interfaces.
2022-08-29 17:37:18.244  INFO 23960 --- [main] o.s.b.w.embedded.tomcat.TomcatWebServer  : Tomcat initialized with port(s): 8080 (http)
2022-08-29 17:37:18.264  INFO 23960 --- [main] o.apache.catalina.core.StandardService   : Starting service [Tomcat]
2022-08-29 17:37:18.266  INFO 23960 --- [main] org.apache.catalina.core.StandardEngine  : Starting Servlet engine: [Apache Tomcat/9.0.65]
2022-08-29 17:37:18.690  INFO 23960 --- [main] o.a.c.c.C.[Tomcat].[localhost].[/]       : Initializing Spring embedded WebApplicationContext
2022-08-29 17:37:18.692  INFO 23960 --- [main] w.s.c.ServletWebServerApplicationContext : Root WebApplicationContext: initialization completed in 3446 ms
2022-08-29 17:37:19.009  INFO 23960 --- [main] com.zaxxer.hikari.HikariDataSource       : HikariPool-1 - Starting...
2022-08-29 17:37:19.506  INFO 23960 --- [main] com.zaxxer.hikari.HikariDataSource       : HikariPool-1 - Start completed.
2022-08-29 17:37:19.654  INFO 23960 --- [main] o.hibernate.jpa.internal.util.LogHelper  : HHH000204: Processing PersistenceUnitInfo [name: default]
2022-08-29 17:37:19.780  INFO 23960 --- [main] org.hibernate.Version                    : HHH000412: Hibernate ORM core version 5.6.10.Final
2022-08-29 17:37:20.177  INFO 23960 --- [main] o.hibernate.annotations.common.Version   : HCANN000001: Hibernate Commons Annotations {5.1.2.Final}
2022-08-29 17:37:20.508  INFO 23960 --- [main] org.hibernate.dialect.Dialect            : HHH000400: Using dialect: org.hibernate.dialect.H2Dialect
2022-08-29 17:37:21.551  INFO 23960 --- [main] o.h.e.t.j.p.i.JtaPlatformInitiator       : HHH000490: Using JtaPlatform implementation: [org.hibernate.engine.transaction.jta.platform.internal.NoJtaPlatform]
2022-08-29 17:37:21.564  INFO 23960 --- [main] j.LocalContainerEntityManagerFactoryBean : Initialized JPA EntityManagerFactory for persistence unit 'default'
2022-08-29 17:37:21.975  WARN 23960 --- [main] JpaBaseConfiguration$JpaWebConfiguration : spring.jpa.open-in-view is enabled by default. Therefore, database queries may be performed during view rendering. Explicitly configure spring.jpa.open-in-view to disable this warning
2022-08-29 17:37:24.855  INFO 23960 --- [main] o.s.b.w.embedded.tomcat.TomcatWebServer  : Tomcat started on port(s): 8080 (http) with context path ''
2022-08-29 17:37:24.901  INFO 23960 --- [main] br.letscode.EcommerceApplication         : Started EcommerceApplication in 10.696 seconds (JVM running for 13.626)
2022-08-29 17:41:28.091  INFO 18396 --- [main] br.letscode.EcommerceApplication         : Starting EcommerceApplication using Java 11.0.2 on BBTMF-1FK90L3 with PID 18396 (C:\Users\F1692469\LC\LC_Spring\ecommerce-store\target\classes started by F1692469 in C:\Users\F1692469\LC\LC_Spring\ecommerce-store)
2022-08-29 17:41:28.097  INFO 18396 --- [main] br.letscode.EcommerceApplication         : No active profile set, falling back to 1 default profile: "default"
2022-08-29 17:41:29.182  INFO 18396 --- [main] .s.d.r.c.RepositoryConfigurationDelegate : Bootstrapping Spring Data JPA repositories in DEFAULT mode.
2022-08-29 17:41:29.210  INFO 18396 --- [main] .s.d.r.c.RepositoryConfigurationDelegate : Finished Spring Data repository scanning in 10 ms. Found 0 JPA repository interfaces.
2022-08-29 17:41:30.806  INFO 18396 --- [main] o.s.b.w.embedded.tomcat.TomcatWebServer  : Tomcat initialized with port(s): 8080 (http)
2022-08-29 17:41:30.824  INFO 18396 --- [main] o.apache.catalina.core.StandardService   : Starting service [Tomcat]
2022-08-29 17:41:30.827  INFO 18396 --- [main] org.apache.catalina.core.StandardEngine  : Starting Servlet engine: [Apache Tomcat/9.0.65]
2022-08-29 17:41:31.109  INFO 18396 --- [main] o.a.c.c.C.[Tomcat].[localhost].[/]       : Initializing Spring embedded WebApplicationContext
2022-08-29 17:41:31.111  INFO 18396 --- [main] w.s.c.ServletWebServerApplicationContext : Root WebApplicationContext: initialization completed in 2945 ms
2022-08-29 17:41:31.305  INFO 18396 --- [main] com.zaxxer.hikari.HikariDataSource       : HikariPool-1 - Starting...
2022-08-29 17:41:31.496  INFO 18396 --- [main] com.zaxxer.hikari.HikariDataSource       : HikariPool-1 - Start completed.
2022-08-29 17:41:31.570  INFO 18396 --- [main] o.hibernate.jpa.internal.util.LogHelper  : HHH000204: Processing PersistenceUnitInfo [name: default]
2022-08-29 17:41:31.655  INFO 18396 --- [main] org.hibernate.Version                    : HHH000412: Hibernate ORM core version 5.6.10.Final
2022-08-29 17:41:31.838  INFO 18396 --- [main] o.hibernate.annotations.common.Version   : HCANN000001: Hibernate Commons Annotations {5.1.2.Final}
2022-08-29 17:41:32.001  INFO 18396 --- [main] org.hibernate.dialect.Dialect            : HHH000400: Using dialect: org.hibernate.dialect.H2Dialect
2022-08-29 17:41:32.704  INFO 18396 --- [main] o.h.e.t.j.p.i.JtaPlatformInitiator       : HHH000490: Using JtaPlatform implementation: [org.hibernate.engine.transaction.jta.platform.internal.NoJtaPlatform]
2022-08-29 17:41:32.724  INFO 18396 --- [main] j.LocalContainerEntityManagerFactoryBean : Initialized JPA EntityManagerFactory for persistence unit 'default'
2022-08-29 17:41:33.015  WARN 18396 --- [main] JpaBaseConfiguration$JpaWebConfiguration : spring.jpa.open-in-view is enabled by default. Therefore, database queries may be performed during view rendering. Explicitly configure spring.jpa.open-in-view to disable this warning
2022-08-29 17:41:34.673  WARN 18396 --- [main] ConfigServletWebServerApplicationContext : Exception encountered during context initialization - cancelling refresh attempt: org.springframework.context.ApplicationContextException: Failed to start bean 'webServerStartStop'; nested exception is org.springframework.boot.web.server.PortInUseException: Port 8080 is already in use
2022-08-29 17:41:34.679  INFO 18396 --- [main] j.LocalContainerEntityManagerFactoryBean : Closing JPA EntityManagerFactory for persistence unit 'default'
2022-08-29 17:41:34.683  INFO 18396 --- [main] .SchemaDropperImpl$DelayedDropActionImpl : HHH000477: Starting delayed evictData of schema as part of SessionFactory shut-down'
2022-08-29 17:41:34.696  INFO 18396 --- [main] com.zaxxer.hikari.HikariDataSource       : HikariPool-1 - Shutdown initiated...
2022-08-29 17:41:34.705  INFO 18396 --- [main] com.zaxxer.hikari.HikariDataSource       : HikariPool-1 - Shutdown completed.
2022-08-29 17:41:34.711  INFO 18396 --- [main] o.apache.catalina.core.StandardService   : Stopping service [Tomcat]
2022-08-29 17:41:34.751  INFO 18396 --- [main] ConditionEvaluationReportLoggingListener : 

Error starting ApplicationContext. To display the conditions report re-run your application with 'debug' enabled.
2022-08-29 17:41:34.807 ERROR 18396 --- [main] o.s.b.d.LoggingFailureAnalysisReporter   : 

***************************
APPLICATION FAILED TO START
***************************

Description:

Web server failed to start. Port 8080 was already in use.

Action:

Identify and stop the process that's listening on port 8080 or configure this application to listen on another port.

2022-08-29 17:45:54.088  INFO 2072 --- [main] br.letscode.EcommerceApplication         : Starting EcommerceApplication using Java 11.0.2 on BBTMF-1FK90L3 with PID 2072 (C:\Users\F1692469\LC\LC_Spring\ecommerce-store\target\classes started by F1692469 in C:\Users\F1692469\LC\LC_Spring\ecommerce-store)
2022-08-29 17:45:54.096  INFO 2072 --- [main] br.letscode.EcommerceApplication         : No active profile set, falling back to 1 default profile: "default"
2022-08-29 17:45:55.071  INFO 2072 --- [main] .s.d.r.c.RepositoryConfigurationDelegate : Bootstrapping Spring Data JPA repositories in DEFAULT mode.
2022-08-29 17:45:55.101  INFO 2072 --- [main] .s.d.r.c.RepositoryConfigurationDelegate : Finished Spring Data repository scanning in 11 ms. Found 0 JPA repository interfaces.
2022-08-29 17:45:56.651  INFO 2072 --- [main] o.s.b.w.embedded.tomcat.TomcatWebServer  : Tomcat initialized with port(s): 8080 (http)
2022-08-29 17:45:56.683  INFO 2072 --- [main] o.apache.catalina.core.StandardService   : Starting service [Tomcat]
2022-08-29 17:45:56.685  INFO 2072 --- [main] org.apache.catalina.core.StandardEngine  : Starting Servlet engine: [Apache Tomcat/9.0.65]
2022-08-29 17:45:56.936  INFO 2072 --- [main] o.a.c.c.C.[Tomcat].[localhost].[/]       : Initializing Spring embedded WebApplicationContext
2022-08-29 17:45:56.938  INFO 2072 --- [main] w.s.c.ServletWebServerApplicationContext : Root WebApplicationContext: initialization completed in 2767 ms
2022-08-29 17:45:57.136  INFO 2072 --- [main] com.zaxxer.hikari.HikariDataSource       : HikariPool-1 - Starting...
2022-08-29 17:45:57.303  INFO 2072 --- [main] com.zaxxer.hikari.HikariDataSource       : HikariPool-1 - Start completed.
2022-08-29 17:45:57.358  INFO 2072 --- [main] o.hibernate.jpa.internal.util.LogHelper  : HHH000204: Processing PersistenceUnitInfo [name: default]
2022-08-29 17:45:57.417  INFO 2072 --- [main] org.hibernate.Version                    : HHH000412: Hibernate ORM core version 5.6.10.Final
2022-08-29 17:45:57.608  INFO 2072 --- [main] o.hibernate.annotations.common.Version   : HCANN000001: Hibernate Commons Annotations {5.1.2.Final}
2022-08-29 17:45:57.754  INFO 2072 --- [main] org.hibernate.dialect.Dialect            : HHH000400: Using dialect: org.hibernate.dialect.H2Dialect
2022-08-29 17:45:57.993  INFO 2072 --- [main] o.h.e.t.j.p.i.JtaPlatformInitiator       : HHH000490: Using JtaPlatform implementation: [org.hibernate.engine.transaction.jta.platform.internal.NoJtaPlatform]
2022-08-29 17:45:58.009  INFO 2072 --- [main] j.LocalContainerEntityManagerFactoryBean : Initialized JPA EntityManagerFactory for persistence unit 'default'
2022-08-29 17:45:58.170  WARN 2072 --- [main] JpaBaseConfiguration$JpaWebConfiguration : spring.jpa.open-in-view is enabled by default. Therefore, database queries may be performed during view rendering. Explicitly configure spring.jpa.open-in-view to disable this warning
2022-08-29 17:45:59.359  WARN 2072 --- [main] ConfigServletWebServerApplicationContext : Exception encountered during context initialization - cancelling refresh attempt: org.springframework.context.ApplicationContextException: Failed to start bean 'webServerStartStop'; nested exception is org.springframework.boot.web.server.PortInUseException: Port 8080 is already in use
2022-08-29 17:45:59.364  INFO 2072 --- [main] j.LocalContainerEntityManagerFactoryBean : Closing JPA EntityManagerFactory for persistence unit 'default'
2022-08-29 17:45:59.365  INFO 2072 --- [main] .SchemaDropperImpl$DelayedDropActionImpl : HHH000477: Starting delayed evictData of schema as part of SessionFactory shut-down'
2022-08-29 17:45:59.374  INFO 2072 --- [main] com.zaxxer.hikari.HikariDataSource       : HikariPool-1 - Shutdown initiated...
2022-08-29 17:45:59.386  INFO 2072 --- [main] com.zaxxer.hikari.HikariDataSource       : HikariPool-1 - Shutdown completed.
2022-08-29 17:45:59.389  INFO 2072 --- [main] o.apache.catalina.core.StandardService   : Stopping service [Tomcat]
2022-08-29 17:45:59.406  INFO 2072 --- [main] ConditionEvaluationReportLoggingListener : 

Error starting ApplicationContext. To display the conditions report re-run your application with 'debug' enabled.
2022-08-29 17:45:59.437 ERROR 2072 --- [main] o.s.b.d.LoggingFailureAnalysisReporter   : 

***************************
APPLICATION FAILED TO START
***************************

Description:

Web server failed to start. Port 8080 was already in use.

Action:

Identify and stop the process that's listening on port 8080 or configure this application to listen on another port.

2022-08-29 17:46:40.718  INFO 20844 --- [main] br.letscode.EcommerceApplication         : Starting EcommerceApplication using Java 11.0.2 on BBTMF-1FK90L3 with PID 20844 (C:\Users\F1692469\LC\LC_Spring\ecommerce-store\target\classes started by F1692469 in C:\Users\F1692469\LC\LC_Spring\ecommerce-store)
2022-08-29 17:46:40.723  INFO 20844 --- [main] br.letscode.EcommerceApplication         : No active profile set, falling back to 1 default profile: "default"
2022-08-29 17:46:42.119  INFO 20844 --- [main] .s.d.r.c.RepositoryConfigurationDelegate : Bootstrapping Spring Data JPA repositories in DEFAULT mode.
2022-08-29 17:46:42.148  INFO 20844 --- [main] .s.d.r.c.RepositoryConfigurationDelegate : Finished Spring Data repository scanning in 12 ms. Found 0 JPA repository interfaces.
2022-08-29 17:46:43.861  INFO 20844 --- [main] o.s.b.w.embedded.tomcat.TomcatWebServer  : Tomcat initialized with port(s): 8080 (http)
2022-08-29 17:46:43.882  INFO 20844 --- [main] o.apache.catalina.core.StandardService   : Starting service [Tomcat]
2022-08-29 17:46:43.885  INFO 20844 --- [main] org.apache.catalina.core.StandardEngine  : Starting Servlet engine: [Apache Tomcat/9.0.65]
2022-08-29 17:46:44.167  INFO 20844 --- [main] o.a.c.c.C.[Tomcat].[localhost].[/]       : Initializing Spring embedded WebApplicationContext
2022-08-29 17:46:44.170  INFO 20844 --- [main] w.s.c.ServletWebServerApplicationContext : Root WebApplicationContext: initialization completed in 3316 ms
2022-08-29 17:46:44.398  INFO 20844 --- [main] com.zaxxer.hikari.HikariDataSource       : HikariPool-1 - Starting...
2022-08-29 17:46:44.867  INFO 20844 --- [main] com.zaxxer.hikari.HikariDataSource       : HikariPool-1 - Start completed.
2022-08-29 17:46:44.969  INFO 20844 --- [main] o.hibernate.jpa.internal.util.LogHelper  : HHH000204: Processing PersistenceUnitInfo [name: default]
2022-08-29 17:46:45.086  INFO 20844 --- [main] org.hibernate.Version                    : HHH000412: Hibernate ORM core version 5.6.10.Final
2022-08-29 17:46:45.327  INFO 20844 --- [main] o.hibernate.annotations.common.Version   : HCANN000001: Hibernate Commons Annotations {5.1.2.Final}
2022-08-29 17:46:45.560  INFO 20844 --- [main] org.hibernate.dialect.Dialect            : HHH000400: Using dialect: org.hibernate.dialect.H2Dialect
2022-08-29 17:46:45.892  INFO 20844 --- [main] o.h.e.t.j.p.i.JtaPlatformInitiator       : HHH000490: Using JtaPlatform implementation: [org.hibernate.engine.transaction.jta.platform.internal.NoJtaPlatform]
2022-08-29 17:46:45.925  INFO 20844 --- [main] j.LocalContainerEntityManagerFactoryBean : Initialized JPA EntityManagerFactory for persistence unit 'default'
2022-08-29 17:46:46.259  WARN 20844 --- [main] JpaBaseConfiguration$JpaWebConfiguration : spring.jpa.open-in-view is enabled by default. Therefore, database queries may be performed during view rendering. Explicitly configure spring.jpa.open-in-view to disable this warning
2022-08-29 17:46:47.577  INFO 20844 --- [main] o.s.b.w.embedded.tomcat.TomcatWebServer  : Tomcat started on port(s): 8080 (http) with context path ''
2022-08-29 17:46:47.613  INFO 20844 --- [main] br.letscode.EcommerceApplication         : Started EcommerceApplication in 7.715 seconds (JVM running for 8.576)
2022-08-29 17:46:47.706  INFO 20844 --- [http-nio-8080-exec-1] o.a.c.c.C.[Tomcat].[localhost].[/]       : Initializing Spring DispatcherServlet 'dispatcherServlet'
2022-08-29 17:46:47.708  INFO 20844 --- [http-nio-8080-exec-1] o.s.web.servlet.DispatcherServlet        : Initializing Servlet 'dispatcherServlet'
2022-08-29 17:46:47.712  INFO 20844 --- [http-nio-8080-exec-1] o.s.web.servlet.DispatcherServlet        : Completed initialization in 0 ms
2022-08-29 17:46:47.896  INFO 20844 --- [http-nio-8080-exec-1] br.letscode.services.TimeServiceImpl     : Hora atual: 17:46:47
2022-08-29 17:46:59.305  INFO 20844 --- [http-nio-8080-exec-4] br.letscode.services.TimeServiceImpl     : Hora atual: 17:46:59
2022-08-29 17:59:39.134  INFO 20844 --- [http-nio-8080-exec-6] o.springdoc.api.AbstractOpenApiResource  : Init duration for springdoc-openapi is: 250 ms
2022-08-29 18:00:09.866  INFO 20844 --- [SpringApplicationShutdownHook] j.LocalContainerEntityManagerFactoryBean : Closing JPA EntityManagerFactory for persistence unit 'default'
2022-08-29 18:00:09.867  INFO 20844 --- [SpringApplicationShutdownHook] .SchemaDropperImpl$DelayedDropActionImpl : HHH000477: Starting delayed evictData of schema as part of SessionFactory shut-down'
2022-08-29 18:00:09.874  INFO 20844 --- [SpringApplicationShutdownHook] com.zaxxer.hikari.HikariDataSource       : HikariPool-1 - Shutdown initiated...
2022-08-29 18:00:09.883  INFO 20844 --- [SpringApplicationShutdownHook] com.zaxxer.hikari.HikariDataSource       : HikariPool-1 - Shutdown completed.
2022-08-29 18:00:27.566  INFO 24568 --- [main] br.letscode.EcommerceApplication         : Starting EcommerceApplication using Java 11.0.2 on BBTMF-1FK90L3 with PID 24568 (C:\Users\F1692469\LC\LC_Spring\ecommerce-store\target\classes started by F1692469 in C:\Users\F1692469\LC\LC_Spring\ecommerce-store)
2022-08-29 18:00:27.572  INFO 24568 --- [main] br.letscode.EcommerceApplication         : No active profile set, falling back to 1 default profile: "default"
2022-08-29 18:00:28.920  INFO 24568 --- [main] .s.d.r.c.RepositoryConfigurationDelegate : Bootstrapping Spring Data JPA repositories in DEFAULT mode.
2022-08-29 18:00:28.978  INFO 24568 --- [main] .s.d.r.c.RepositoryConfigurationDelegate : Finished Spring Data repository scanning in 28 ms. Found 0 JPA repository interfaces.
2022-08-29 18:00:31.796  INFO 24568 --- [main] o.s.b.w.embedded.tomcat.TomcatWebServer  : Tomcat initialized with port(s): 8080 (http)
2022-08-29 18:00:31.835  INFO 24568 --- [main] o.apache.catalina.core.StandardService   : Starting service [Tomcat]
2022-08-29 18:00:31.837  INFO 24568 --- [main] org.apache.catalina.core.StandardEngine  : Starting Servlet engine: [Apache Tomcat/9.0.65]
2022-08-29 18:00:32.415  INFO 24568 --- [main] o.a.c.c.C.[Tomcat].[localhost].[/]       : Initializing Spring embedded WebApplicationContext
2022-08-29 18:00:32.418  INFO 24568 --- [main] w.s.c.ServletWebServerApplicationContext : Root WebApplicationContext: initialization completed in 4737 ms
2022-08-29 18:00:32.795  INFO 24568 --- [main] com.zaxxer.hikari.HikariDataSource       : HikariPool-1 - Starting...
2022-08-29 18:00:33.159  INFO 24568 --- [main] com.zaxxer.hikari.HikariDataSource       : HikariPool-1 - Start completed.
2022-08-29 18:00:33.314  INFO 24568 --- [main] o.hibernate.jpa.internal.util.LogHelper  : HHH000204: Processing PersistenceUnitInfo [name: default]
2022-08-29 18:00:33.454  INFO 24568 --- [main] org.hibernate.Version                    : HHH000412: Hibernate ORM core version 5.6.10.Final
2022-08-29 18:00:33.879  INFO 24568 --- [main] o.hibernate.annotations.common.Version   : HCANN000001: Hibernate Commons Annotations {5.1.2.Final}
2022-08-29 18:00:34.226  INFO 24568 --- [main] org.hibernate.dialect.Dialect            : HHH000400: Using dialect: org.hibernate.dialect.H2Dialect
2022-08-29 18:00:34.689  INFO 24568 --- [main] o.h.e.t.j.p.i.JtaPlatformInitiator       : HHH000490: Using JtaPlatform implementation: [org.hibernate.engine.transaction.jta.platform.internal.NoJtaPlatform]
2022-08-29 18:00:34.722  INFO 24568 --- [main] j.LocalContainerEntityManagerFactoryBean : Initialized JPA EntityManagerFactory for persistence unit 'default'
2022-08-29 18:00:35.129  WARN 24568 --- [main] JpaBaseConfiguration$JpaWebConfiguration : spring.jpa.open-in-view is enabled by default. Therefore, database queries may be performed during view rendering. Explicitly configure spring.jpa.open-in-view to disable this warning
2022-08-29 18:00:37.533  INFO 24568 --- [main] o.s.b.w.embedded.tomcat.TomcatWebServer  : Tomcat started on port(s): 8080 (http) with context path ''
2022-08-29 18:00:37.562  INFO 24568 --- [main] br.letscode.EcommerceApplication         : Started EcommerceApplication in 10.829 seconds (JVM running for 11.758)
2022-08-29 18:00:37.910  INFO 24568 --- [http-nio-8080-exec-1] o.a.c.c.C.[Tomcat].[localhost].[/]       : Initializing Spring DispatcherServlet 'dispatcherServlet'
2022-08-29 18:00:37.912  INFO 24568 --- [http-nio-8080-exec-1] o.s.web.servlet.DispatcherServlet        : Initializing Servlet 'dispatcherServlet'
2022-08-29 18:00:37.918  INFO 24568 --- [http-nio-8080-exec-1] o.s.web.servlet.DispatcherServlet        : Completed initialization in 4 ms
2022-08-29 18:00:38.691  INFO 24568 --- [http-nio-8080-exec-1] o.springdoc.api.AbstractOpenApiResource  : Init duration for springdoc-openapi is: 468 ms
2022-08-29 18:05:43.548  INFO 24284 --- [main] br.letscode.EcommerceApplication         : Starting EcommerceApplication using Java 11.0.2 on BBTMF-1FK90L3 with PID 24284 (C:\Users\F1692469\LC\LC_Spring\ecommerce-store\target\classes started by F1692469 in C:\Users\F1692469\LC\LC_Spring\ecommerce-store)
2022-08-29 18:05:43.554  INFO 24284 --- [main] br.letscode.EcommerceApplication         : No active profile set, falling back to 1 default profile: "default"
2022-08-29 18:05:45.543  INFO 24284 --- [main] .s.d.r.c.RepositoryConfigurationDelegate : Bootstrapping Spring Data JPA repositories in DEFAULT mode.
2022-08-29 18:05:45.588  INFO 24284 --- [main] .s.d.r.c.RepositoryConfigurationDelegate : Finished Spring Data repository scanning in 19 ms. Found 0 JPA repository interfaces.
2022-08-29 18:05:47.385  INFO 24284 --- [main] o.s.b.w.embedded.tomcat.TomcatWebServer  : Tomcat initialized with port(s): 8080 (http)
2022-08-29 18:05:47.407  INFO 24284 --- [main] o.apache.catalina.core.StandardService   : Starting service [Tomcat]
2022-08-29 18:05:47.410  INFO 24284 --- [main] org.apache.catalina.core.StandardEngine  : Starting Servlet engine: [Apache Tomcat/9.0.65]
2022-08-29 18:05:47.788  INFO 24284 --- [main] o.a.c.c.C.[Tomcat].[localhost].[/]       : Initializing Spring embedded WebApplicationContext
2022-08-29 18:05:47.791  INFO 24284 --- [main] w.s.c.ServletWebServerApplicationContext : Root WebApplicationContext: initialization completed in 4140 ms
2022-08-29 18:05:48.142  INFO 24284 --- [main] com.zaxxer.hikari.HikariDataSource       : HikariPool-1 - Starting...
2022-08-29 18:05:48.368  INFO 24284 --- [main] com.zaxxer.hikari.HikariDataSource       : HikariPool-1 - Start completed.
2022-08-29 18:05:48.483  INFO 24284 --- [main] o.hibernate.jpa.internal.util.LogHelper  : HHH000204: Processing PersistenceUnitInfo [name: default]
2022-08-29 18:05:48.591  INFO 24284 --- [main] org.hibernate.Version                    : HHH000412: Hibernate ORM core version 5.6.10.Final
2022-08-29 18:05:48.806  INFO 24284 --- [main] o.hibernate.annotations.common.Version   : HCANN000001: Hibernate Commons Annotations {5.1.2.Final}
2022-08-29 18:05:48.999  INFO 24284 --- [main] org.hibernate.dialect.Dialect            : HHH000400: Using dialect: org.hibernate.dialect.H2Dialect
2022-08-29 18:05:49.345  INFO 24284 --- [main] o.h.e.t.j.p.i.JtaPlatformInitiator       : HHH000490: Using JtaPlatform implementation: [org.hibernate.engine.transaction.jta.platform.internal.NoJtaPlatform]
2022-08-29 18:05:49.369  INFO 24284 --- [main] j.LocalContainerEntityManagerFactoryBean : Initialized JPA EntityManagerFactory for persistence unit 'default'
2022-08-29 18:05:49.582  WARN 24284 --- [main] JpaBaseConfiguration$JpaWebConfiguration : spring.jpa.open-in-view is enabled by default. Therefore, database queries may be performed during view rendering. Explicitly configure spring.jpa.open-in-view to disable this warning
2022-08-29 18:05:50.943  INFO 24284 --- [main] o.s.b.w.embedded.tomcat.TomcatWebServer  : Tomcat started on port(s): 8080 (http) with context path ''
2022-08-29 18:05:50.958  INFO 24284 --- [main] br.letscode.EcommerceApplication         : Started EcommerceApplication in 8.748 seconds (JVM running for 10.305)
2022-08-29 18:08:22.349  INFO 24284 --- [SpringApplicationShutdownHook] j.LocalContainerEntityManagerFactoryBean : Closing JPA EntityManagerFactory for persistence unit 'default'
2022-08-29 18:08:22.354  INFO 24284 --- [SpringApplicationShutdownHook] .SchemaDropperImpl$DelayedDropActionImpl : HHH000477: Starting delayed evictData of schema as part of SessionFactory shut-down'
2022-08-29 18:08:22.361  INFO 24284 --- [SpringApplicationShutdownHook] com.zaxxer.hikari.HikariDataSource       : HikariPool-1 - Shutdown initiated...
2022-08-29 18:08:22.371  INFO 24284 --- [SpringApplicationShutdownHook] com.zaxxer.hikari.HikariDataSource       : HikariPool-1 - Shutdown completed.
2022-08-29 18:08:37.912  INFO 18616 --- [main] br.letscode.EcommerceApplication         : Starting EcommerceApplication using Java 11.0.2 on BBTMF-1FK90L3 with PID 18616 (C:\Users\F1692469\LC\LC_Spring\ecommerce-store\target\classes started by F1692469 in C:\Users\F1692469\LC\LC_Spring\ecommerce-store)
2022-08-29 18:08:37.919  INFO 18616 --- [main] br.letscode.EcommerceApplication         : No active profile set, falling back to 1 default profile: "default"
2022-08-29 18:08:38.814  INFO 18616 --- [main] .s.d.r.c.RepositoryConfigurationDelegate : Bootstrapping Spring Data JPA repositories in DEFAULT mode.
2022-08-29 18:08:38.842  INFO 18616 --- [main] .s.d.r.c.RepositoryConfigurationDelegate : Finished Spring Data repository scanning in 10 ms. Found 0 JPA repository interfaces.
2022-08-29 18:08:39.880  INFO 18616 --- [main] o.s.b.w.embedded.tomcat.TomcatWebServer  : Tomcat initialized with port(s): 8080 (http)
2022-08-29 18:08:39.896  INFO 18616 --- [main] o.apache.catalina.core.StandardService   : Starting service [Tomcat]
2022-08-29 18:08:39.896  INFO 18616 --- [main] org.apache.catalina.core.StandardEngine  : Starting Servlet engine: [Apache Tomcat/9.0.65]
2022-08-29 18:08:40.113  INFO 18616 --- [main] o.a.c.c.C.[Tomcat].[localhost].[/]       : Initializing Spring embedded WebApplicationContext
2022-08-29 18:08:40.113  INFO 18616 --- [main] w.s.c.ServletWebServerApplicationContext : Root WebApplicationContext: initialization completed in 2113 ms
2022-08-29 18:08:40.258  INFO 18616 --- [main] com.zaxxer.hikari.HikariDataSource       : HikariPool-1 - Starting...
2022-08-29 18:08:40.392  INFO 18616 --- [main] com.zaxxer.hikari.HikariDataSource       : HikariPool-1 - Start completed.
2022-08-29 18:08:40.449  INFO 18616 --- [main] o.hibernate.jpa.internal.util.LogHelper  : HHH000204: Processing PersistenceUnitInfo [name: default]
2022-08-29 18:08:40.509  INFO 18616 --- [main] org.hibernate.Version                    : HHH000412: Hibernate ORM core version 5.6.10.Final
2022-08-29 18:08:40.648  INFO 18616 --- [main] o.hibernate.annotations.common.Version   : HCANN000001: Hibernate Commons Annotations {5.1.2.Final}
2022-08-29 18:08:40.762  INFO 18616 --- [main] org.hibernate.dialect.Dialect            : HHH000400: Using dialect: org.hibernate.dialect.H2Dialect
2022-08-29 18:08:40.919  INFO 18616 --- [main] o.h.e.t.j.p.i.JtaPlatformInitiator       : HHH000490: Using JtaPlatform implementation: [org.hibernate.engine.transaction.jta.platform.internal.NoJtaPlatform]
2022-08-29 18:08:40.932  INFO 18616 --- [main] j.LocalContainerEntityManagerFactoryBean : Initialized JPA EntityManagerFactory for persistence unit 'default'
2022-08-29 18:08:41.055  WARN 18616 --- [main] JpaBaseConfiguration$JpaWebConfiguration : spring.jpa.open-in-view is enabled by default. Therefore, database queries may be performed during view rendering. Explicitly configure spring.jpa.open-in-view to disable this warning
2022-08-29 18:08:42.031  INFO 18616 --- [main] o.s.b.w.embedded.tomcat.TomcatWebServer  : Tomcat started on port(s): 8080 (http) with context path ''
2022-08-29 18:08:42.047  INFO 18616 --- [main] br.letscode.EcommerceApplication         : Started EcommerceApplication in 4.76 seconds (JVM running for 5.346)
2022-08-29 18:08:47.252  INFO 18616 --- [http-nio-8080-exec-1] o.a.c.c.C.[Tomcat].[localhost].[/]       : Initializing Spring DispatcherServlet 'dispatcherServlet'
2022-08-29 18:08:47.271  INFO 18616 --- [http-nio-8080-exec-1] o.s.web.servlet.DispatcherServlet        : Initializing Servlet 'dispatcherServlet'
2022-08-29 18:08:47.272  INFO 18616 --- [http-nio-8080-exec-1] o.s.web.servlet.DispatcherServlet        : Completed initialization in 0 ms
2022-08-29 18:08:47.401  INFO 18616 --- [http-nio-8080-exec-1] br.letscode.endpoints.HelloEndpoints     : /hello/{nome}/horario acessado com sucesso
2022-08-29 18:08:47.408  INFO 18616 --- [http-nio-8080-exec-1] br.letscode.services.TimeServiceImpl     : Hora atual: 18:08:47
2022-08-29 18:08:52.968  INFO 18616 --- [http-nio-8080-exec-3] br.letscode.endpoints.HelloEndpoints     : /hello acessado com sucesso
2022-08-29 18:08:56.742  INFO 18616 --- [http-nio-8080-exec-5] br.letscode.endpoints.HelloEndpoints     : /hello/{nome} acessado com sucesso
2022-08-29 18:12:19.061  INFO 18616 --- [http-nio-8080-exec-8] o.springdoc.api.AbstractOpenApiResource  : Init duration for springdoc-openapi is: 245 ms
2022-08-29 18:17:07.929  INFO 18616 --- [SpringApplicationShutdownHook] j.LocalContainerEntityManagerFactoryBean : Closing JPA EntityManagerFactory for persistence unit 'default'
2022-08-29 18:17:07.929  INFO 18616 --- [SpringApplicationShutdownHook] .SchemaDropperImpl$DelayedDropActionImpl : HHH000477: Starting delayed evictData of schema as part of SessionFactory shut-down'
2022-08-29 18:17:07.940  INFO 18616 --- [SpringApplicationShutdownHook] com.zaxxer.hikari.HikariDataSource       : HikariPool-1 - Shutdown initiated...
2022-08-29 18:17:07.948  INFO 18616 --- [SpringApplicationShutdownHook] com.zaxxer.hikari.HikariDataSource       : HikariPool-1 - Shutdown completed.
